0x0000001C:	bun 7                    	R0=0x00000000
0x00000020:	mov r1,1193046           	R1=0x00123456
0x00000024:	movs r2,1048576          	R2=0x00100000
0x00000028:	add r3,r1,r2             	R3=R1+R2=0x00223456
0x0000002C:	bbe 0                    	PC=0x00000030
0x00000030:	bbt 0                    	PC=0x00000034
0x00000034:	beq 0                    	PC=0x00000038
0x00000038:	bge 0                    	PC=0x0000003C
0x0000003C:	bgt 0                    	PC=0x00000040
0x00000040:	biv 0                    	PC=0x00000044
0x00000044:	ble 0                    	PC=0x00000048
0x00000048:	blt 0                    	PC=0x0000004C
0x0000004C:	bne 0                    	PC=0x00000050
0x00000050:	bni 0                    	PC=0x00000054
0x00000054:	bnz 0                    	PC=0x00000058
0x00000058:	bun 0                    	R0=0x00000000
0x0000005C:	bzd 0                    	PC=0x00000060
0x00000060:	l8 r22,[r0+35]           	R22=MEM[0x00000023]=0x00
0x00000064:	l16 r23,[r0+17]          	R23=MEM[0x00000022]=0x0000
0x00000068:	l32 r24,[r0+8]           	R24=MEM[0x00000020]=0x00323456
0x0000006C:	s8 [r0+35],r22           	MEM[0x00000023]=R22=0x00
0x00000070:	s16 [r0+17],r23          	R23=MEM[0x00000022]=0x0000
0x00000074:	s32 [r0+8],r24           	R24=MEM[0x00000020]=0x00323456
